<?xml version="1.0" encoding="UTF-8"?>
<!-- Generated by org.testng.reporters.JUnitXMLReporter -->
<testsuite hostname="A1759L" ignored="0" name="Test" tests="3" failures="1" timestamp="2020-07-07T13:13:15 IST" time="115.008" errors="0">
  <testcase name="SearchFlights" time="2.367" classname="com.pom.tests.HomePageTest"/>
  <testcase name="FSRpageTitle" time="0.018" classname="com.pom.tests.FSRPageTest">
    <failure type="java.lang.AssertionError" message="expected [Flight Search Results | United Airlines] but found []">
      <![CDATA[java.lang.AssertionError: expected [Flight Search Results | United Airlines] but found []
at com.pom.tests.FSRPageTest.FSRpageTitle(FSRPageTest.java:40)
at java.util.ArrayList.forEach(Unknown Source)
... Removed 32 stack frames]]>
    </failure>
  </testcase> <!-- FSRpageTitle -->
  <testcase name="SelectFlight" time="40.598" classname="com.pom.tests.FSRPageTest"/>
</testsuite> <!-- Test -->
