<?xml version="1.0" encoding="UTF-8"?>
<!-- Generated by org.testng.reporters.JUnitXMLReporter -->
<testsuite hostname="A1759L" ignored="0" name="Test_Sanity" tests="3" failures="1" timestamp="2020-08-08T20:07:39 IST" time="88.173" errors="0">
  <testcase name="HomepageTitle" time="0.336" classname="com.pom.tests.HomePageTest">
    <skipped/>
  </testcase> <!-- HomepageTitle -->
  <testcase name="HomepageTitle" time="0.059" classname="com.pom.tests.HomePageTest">
    <failure type="java.lang.AssertionError" message="expected [United Airlines - Airline Tickets, Travel Deals and Flight] but found [United Airlines - Airline Tickets, Travel Deals and Flights]">
      <![CDATA[java.lang.AssertionError: expected [United Airlines - Airline Tickets, Travel Deals and Flight] but found [United Airlines - Airline Tickets, Travel Deals and Flights]
at com.pom.tests.HomePageTest.HomepageTitle(HomePageTest.java:34)
at java.util.ArrayList.forEach(Unknown Source)
... Removed 32 stack frames]]>
    </failure>
  </testcase> <!-- HomepageTitle -->
  <testcase name="SearchFlights" time="18.177" classname="com.pom.tests.HomePageTest"/>
</testsuite> <!-- Test_Sanity -->
